<?xml version="1.0" encoding="UTF-8"?>
<!-- Generated by org.testng.reporters.JUnitReportReporter -->
<testsuite name="com.qa.testcases.homepageTest" tests="1" time="10.654" ignored="0" failures="0" timestamp="30 May 2020 12:34:29 GMT" skipped="0" hostname="IN-ND1LPW100077" errors="0">
  <testcase name="clickMenLink" time="10.654" classname="com.qa.testcases.homepageTest"/>
</testsuite> <!-- com.qa.testcases.homepageTest -->
